<?xml version="1.0" encoding="UTF-8"?>
<!-- Generated by org.testng.reporters.JUnitXMLReporter -->
<testsuite hostname="anujchauhan" name="Firefox Test" tests="1" failures="0" timestamp="5 Oct 2016 07:32:33 GMT" time="47.286" errors="0">
  <testcase name="@BeforeMethod beforeMethod" time="0.0" classname="TestCases.ViewDashboard">
    <failure type="java.lang.NullPointerException">
      <![CDATA[java.lang.NullPointerException
	at TestCases.refLogin.dologin(refLogin.java:16)
	at TestCases.ViewDashboard.beforeMethod(ViewDashboard.java:51)
... Removed 27 stack frames]]>
    </failure>
  </testcase> <!-- @BeforeMethod beforeMethod -->
  <testcase name="@AfterMethod afterMethod" time="0.0" classname="TestCases.ViewDashboard">
    <skipped/>
  </testcase> <!-- @AfterMethod afterMethod -->
  <testcase name="viewDashboard" time="0.001" classname="TestCases.ViewDashboard">
    <skipped/>
  </testcase> <!-- viewDashboard -->
</testsuite> <!-- Firefox Test -->
