<?xml version="1.0" encoding="UTF-8"?>
<!-- Generated by org.testng.reporters.JUnitXMLReporter -->
<testsuite hostname="anujchauhan" name="Test" tests="15" failures="0" timestamp="26 Sep 2016 05:57:07 GMT" time="161.82" errors="0">
  <testcase name="blankFirstname" time="0.14" classname="TestCases.SignupNG"/>
  <testcase name="blanksecondname" time="0.226" classname="TestCases.SignupNG"/>
  <testcase name="blankemail" time="0.285" classname="TestCases.SignupNG"/>
  <testcase name="invalidemail" time="0.287" classname="TestCases.SignupNG"/>
  <testcase name="blankpwd" time="0.376" classname="TestCases.SignupNG"/>
  <testcase name="invalidpwd" time="0.405" classname="TestCases.SignupNG"/>
  <testcase name="acceptterms" time="0.423" classname="TestCases.SignupNG"/>
  <testcase name="timezone" time="0.531" classname="TestCases.SignupNG"/>
  <testcase name="signup" time="1.692" classname="TestCases.SignupNG"/>
  <testcase name="blankfields" time="0.332" classname="TestCases.SignupNG"/>
  <testcase name="invalidfristname" time="0.613" classname="TestCases.SignupNG"/>
  <testcase name="invalidlastname" time="0.569" classname="TestCases.SignupNG"/>
  <testcase name="invalidemailformat" time="0.581" classname="TestCases.SignupNG"/>
  <testcase name="invalidpwdformat" time="0.6" classname="TestCases.SignupNG"/>
  <testcase name="invalidvalues" time="0.628" classname="TestCases.SignupNG"/>
</testsuite> <!-- Test -->
