<?xml version="1.0" encoding="UTF-8"?>
<testng-results skipped="0" failed="0" total="1" passed="1">
  <reporter-output>
  </reporter-output>
  <suite name="Default suite" duration-ms="73388" started-at="2016-10-07T08:16:23Z" finished-at="2016-10-07T08:17:37Z">
    <groups>
    </groups>
    <test name="Default test" duration-ms="73388" started-at="2016-10-07T08:16:23Z" finished-at="2016-10-07T08:17:37Z">
      <class name="TestCases.AddPost">
        <test-method status="PASS" signature="beforeMethod()[pri:0, instance:TestCases.AddPost@8a9f61]" name="beforeMethod" is-config="true" duration-ms="19287" started-at="2016-10-07T13:46:23Z" finished-at="2016-10-07T13:46:43Z">
          <reporter-output>
          </reporter-output>
        </test-method> <!-- beforeMethod -->
        <test-method status="PASS" signature="contentlinkimage()[pri:0, instance:TestCases.AddPost@8a9f61]" name="contentlinkimage" duration-ms="54079" started-at="2016-10-07T13:46:43Z" finished-at="2016-10-07T13:47:37Z">
          <reporter-output>
          </reporter-output>
        </test-method> <!-- contentlinkimage -->
        <test-method status="PASS" signature="afterMethod()[pri:0, instance:TestCases.AddPost@8a9f61]" name="afterMethod" is-config="true" duration-ms="0" started-at="2016-10-07T13:47:37Z" finished-at="2016-10-07T13:47:37Z">
          <reporter-output>
          </reporter-output>
        </test-method> <!-- afterMethod -->
      </class> <!-- TestCases.AddPost -->
    </test> <!-- Default test -->
  </suite> <!-- Default suite -->
</testng-results>
