<?xml version="1.0" encoding="UTF-8"?>
<!-- Generated by org.testng.reporters.JUnitXMLReporter -->
<testsuite hostname="anujchauhan" name="Test" tests="5" failures="0" timestamp="26 Sep 2016 04:35:57 GMT" time="48.614" errors="0">
  <testcase name="blankemail" time="0.198" classname="TestCases.LoginNG"/>
  <testcase name="invalidemail" time="0.193" classname="TestCases.LoginNG"/>
  <testcase name="blankpwd" time="0.227" classname="TestCases.LoginNG"/>
  <testcase name="invalidpwd" time="0.226" classname="TestCases.LoginNG"/>
  <testcase name="testLogin" time="0.22" classname="TestCases.LoginNG"/>
</testsuite> <!-- Test -->
